[Licensing::Module] Trying to connect to existing licensing client channel...
Built from '6000.5/staging' branch; Version is '6000.5.0f1 (88b47c5e7076) revision 8959100'; Using compiler version '194234433'; Build Type 'Release'
[Licensing::IpcConnector] Successfully connected to: "LicenseClient-Jerezouz" at "2026-06-26T12:18:51.0756846Z"
OS: 'Windows 10  (10.0.19045) 64bit Professional' Language: 'fr' Physical Memory: 32524 MB
BatchMode: 1, IsHumanControllingUs: 0, StartBugReporterOnCrash: 0, Is64bit: 1
System  architecture: x64
Process architecture: x64
Date: 2026-06-26T12:18:51Z
[Licensing::Client] Code 10 while verifying Licensing Client signature (process Id: 5184, path: "C:/Program Files/Unity/Hub/Editor/6000.5.0f1/Editor/Data/Resources/Licensing/Client/Unity.Licensing.Client.exe")
[Licensing::Module] LicensingClient has failed validation; ignoring
[Licensing::Client] Handshaking with LicensingClient:
  Version:                 1.18.1+9fbee8e
  Session Id:              44e2d717cb7540a588a68f71caa3934e
  Correlation Id:          dfd2ccbf9b82fa0c069a1d72b906e028
  External correlation Id: 8633325652193022594
  Machine Id:              7vEtBvwtsY7F4AyUX9pOfy445ys=
[Licensing::Module] Successfully connected to LicensingClient on channel: "LicenseClient-Jerezouz" (connect: 0.00s, validation: 0.00s, handshake: 0.06s)
[Licensing::IpcConnector] Successfully connected to: "LicenseClient-Jerezouz-notifications" at "2026-06-26T12:18:51.1401234Z"
[Licensing::Module] Licensing Background thread has ended after 0.06s

COMMAND LINE ARGUMENTS:
C:\Program Files\Unity\Hub\Editor\6000.5.0f1\Editor\Unity.exe
-adb2
-batchMode
-noUpm
-name
AssetImportWorkerHW1
-projectPath
C:/Users/Jerezouz/Setup Guide In-Editor Tutorial
-logFile
Logs/AssetImportWorkerHW1.log
-srvPort
5727
-parentPid
27580
-analyticsCloudUserId
20067331270371
-analyticsCloudProjectId
55a22f49-e6c2-4276-84ab-192e267a0370
-analyticsLocalProjectId
c4ff697ab68fa864e86d29bd54839be0
-licensingIpc
LicenseClient-Jerezouz
-noDiagnosticSwitchPersistentStore
-job-worker-count
9
-background-job-worker-count
8
-asset-garbage-collectors
1
-force-d3d12
-name
AssetImport
Successfully changed project path to: C:/Users/Jerezouz/Setup Guide In-Editor Tutorial
C:/Users/Jerezouz/Setup Guide In-Editor Tutorial
[UnityMemory] Configuration Parameters - Can be set up in boot.config
    "memorysetup-temp-allocator-size-gi-baking-worker=262144"
    "memorysetup-temp-allocator-size-gi-baking-worker=262144"
    "memorysetup-temp-allocator-size-gi-baking-worker=262144"
    "memorysetup-temp-allocator-size-gi-baking-worker=262144"
    "memorysetup-temp-allocator-size-gi-baking-worker=262144"
    "memorysetup-temp-allocator-size-nav-mesh-worker=65536"
    "memorysetup-temp-allocator-size-audio-worker=65536"
    "memorysetup-temp-allocator-size-cloud-worker=32768"
    "memorysetup-temp-allocator-size-gfx=262144"
    "memorysetup-temp-allocator-size-preload-manager=33554432"
    "memorysetup-allocator-temp-initial-block-size-main=262144"
    "memorysetup-allocator-temp-initial-block-size-worker=262144"
    "memorysetup-temp-allocator-size-job-worker=262144"
    "memorysetup-temp-allocator-size-background-worker=32768"
    "memorysetup-bucket-allocator-granularity=16"
    "memorysetup-bucket-allocator-bucket-count=8"
    "memorysetup-bucket-allocator-block-size=33554432"
    "memorysetup-bucket-allocator-block-count=8"
    "memorysetup-main-allocator-block-size=16777216"
    "memorysetup-thread-allocator-block-size=16777216"
    "memorysetup-main-allocator-mimalloc-enabled=0"
    "memorysetup-gfx-main-allocator-block-size=16777216"
    "memorysetup-gfx-thread-allocator-block-size=16777216"
    "memorysetup-cache-allocator-block-size=4194304"
    "memorysetup-typetree-allocator-block-size=2097152"
    "memorysetup-profiler-bucket-allocator-granularity=16"
    "memorysetup-profiler-bucket-allocator-bucket-count=8"
    "memorysetup-profiler-bucket-allocator-block-size=33554432"
    "memorysetup-profiler-bucket-allocator-block-count=8"
    "memorysetup-profiler-allocator-block-size=16777216"
    "memorysetup-profiler-editor-allocator-block-size=1048576"
    "memorysetup-temp-allocator-size-main=16777216"
    "memorysetup-job-temp-allocator-block-size=2097152"
    "memorysetup-job-temp-allocator-block-size-background=1048576"
    "memorysetup-job-temp-allocator-reduction-small-platforms=262144"
Player connection [37692]  Target information:

Player connection [37692]  * "[IP] 192.168.144.1 [Port] 0 [Flags] 2 [Guid] 201462958 [EditorId] 201462958 [Version] 1048832 [Id] WindowsEditor(7,DESKTOP-ABE3FFS) [Debug] 1 [PackageName] WindowsEditor [ProjectName] Editor" 

Player connection [37692]  * "[IP] 192.168.208.1 [Port] 0 [Flags] 2 [Guid] 201462958 [EditorId] 201462958 [Version] 1048832 [Id] WindowsEditor(7,DESKTOP-ABE3FFS) [Debug] 1 [PackageName] WindowsEditor [ProjectName] Editor" 

Player connection [37692]  * "[IP] 169.254.83.107 [Port] 0 [Flags] 2 [Guid] 201462958 [EditorId] 201462958 [Version] 1048832 [Id] WindowsEditor(7,DESKTOP-ABE3FFS) [Debug] 1 [PackageName] WindowsEditor [ProjectName] Editor" 

Player connection [37692]  * "[IP] 192.168.1.11 [Port] 0 [Flags] 2 [Guid] 201462958 [EditorId] 201462958 [Version] 1048832 [Id] WindowsEditor(7,DESKTOP-ABE3FFS) [Debug] 1 [PackageName] WindowsEditor [ProjectName] Editor" 

Player connection [37692] Host joined multi-casting on [225.0.0.222:54997]...
Player connection [37692] Host joined alternative multi-casting on [225.0.0.222:34997]...
JobSystem: Creating JobQueue using job-worker-count value 9
Input System module state changed to: Initialized.
[Physics::Module] Initialized fallback backend.
[Physics::Module] Id: 0xdecafbad
Library Redirect Path: Library/
[Physics::Module] Selected backend.
[Physics::Module] Name: PhysX
[Physics::Module] Id: 0xf2b8ea05
[Physics::Module] SDK Version: 4.1.2
[Physics::Module] Integration Version: 1.0.0
[Physics::Module] Threading Mode: Multi-Threaded
Refreshing native plugins compatible for Editor in 5.97 ms, found 1 plugins.
Preloading 1 native plugins for Editor in 6.10 ms.
Initialize engine version: 6000.5.0f1 (88b47c5e7076)
[Subsystems] Discovering subsystems at path C:/Program Files/Unity/Hub/Editor/6000.5.0f1/Editor/Data/Resources/UnitySubsystems
[Subsystems] Discovering subsystems at path C:/Users/Jerezouz/Setup Guide In-Editor Tutorial/Assets
Forcing GfxDevice: Direct3D 12
GfxDevice: creating device client; kGfxThreadingModeNonThreaded
d3d12: failed to query info queue interface (0x80004002).
Direct3D:
    Version:         Direct3D 12 [level 12.2]
    Renderer:        NVIDIA GeForce RTX 4070 (ID=0x2786)
    Vendor:          NVIDIA
    VRAM:            12010 MB
    App VRAM Budget: 11242 MB
    Driver:          32.0.16.1062
Initialize mono
Mono path[0] = 'C:/Program Files/Unity/Hub/Editor/6000.5.0f1/Editor/Data/Managed'
Mono path[1] = 'C:/Program Files/Unity/Hub/Editor/6000.5.0f1/Editor/Data/BCLExtensions/runtime/netstandard2.1'
Mono path[2] = 'C:/Program Files/Unity/Hub/Editor/6000.5.0f1/Editor/Data/MonoBleedingEdge/lib/mono/unityjit-win32'
Mono config path = 'C:/Program Files/Unity/Hub/Editor/6000.5.0f1/Editor/Data/MonoBleedingEdge/etc'
Using monoOptions --debugger-agent=transport=dt_socket,embedding=1,server=y,suspend=n,address=127.0.0.1:56424
CodeReloadManager initialized
Begin MonoManager ReloadAssembly
Registering precompiled unity dll's ...
Register platform support module: C:/Program Files/Unity/Hub/Editor/6000.5.0f1/Editor/Data/PlaybackEngines/WebGLSupport/UnityEditor.WebGL.Extensions.dll
Register platform support module: C:/Program Files/Unity/Hub/Editor/6000.5.0f1/Editor/Data/PlaybackEngines/WindowsStandaloneSupport/UnityEditor.WindowsStandalone.Extensions.dll
Registered in 0.011235 seconds.
Native extension for WindowsStandalone target not found
Native extension for WebGL target not found
Package Manager log level set to [2]
[Package Manager] Failed to launch server process. Reason: Unity was launched with the -noUpm command-line argument
[Package Manager] Unable to send message (not connected to server process).
[Package Manager] Cannot connect to Unity Package Manager local server
ScheduleIndexationOnStartup MainProcess:False IndexOnStartup:True
Mono: successfully reloaded assembly
- Finished resetting the current domain, in  0.468 seconds
Domain Reload Profiling: 1346ms
	BeginReloadAssembly (253ms)
	RebuildCommonClasses (5ms)
	RebuildNativeTypeToScriptingClass (23ms)
	initialDomainReloadingComplete (156ms)
	LoadAllAssembliesAndSetupDomain (437ms)
		LoadAssemblies (246ms)
		AnalyzeDomain (301ms)
			TypeCache.Refresh (300ms)
				TypeCache.ScanAssembly (280ms)
	FinalizeReload (471ms)
		SetupLoadedEditorAssemblies (0ms)
			InitializePlatformSupportModulesInManaged (4ms)
			BeforeProcessingInitializeOnLoad (113ms)
			ProcessInitializeOnLoadAttributes (122ms)
			ProcessInitializeOnLoadMethodAttributes (133ms)
Assembly reference Packages/com.unity.cinemachine/Editor/Samples/ExposeHDRPInternals/HDRP-Editor-ref.asmref has no target assembly definition
Initializing Unity extensions:
[Licensing::Client] Successfully resolved entitlement details
[Licensing::Module] License group:
  Id: 20067331270371-UnityPersXXXX
  Product: Unity Personal
  Type: Assigned
  Expiration: Unlimited
========================================================================
Worker process is ready to serve import requests
Import Worker Mode flag is 0x00
Assembly reference Packages/com.unity.cinemachine/Editor/Samples/ExposeHDRPInternals/HDRP-Editor-ref.asmref has no target assembly definition
Assembly reference Packages/com.unity.cinemachine/Editor/Samples/ExposeHDRPInternals/HDRP-Editor-ref.asmref has no target assembly definition
Begin MonoManager ReloadAssembly
Symbol file LoadedFromMemory is not a mono symbol file
Symbol file LoadedFromMemory is not a mono symbol file
Assembly reference Packages/com.unity.cinemachine/Editor/Samples/ExposeHDRPInternals/HDRP-Editor-ref.asmref has no target assembly definition
Assembly reference Packages/com.unity.cinemachine/Editor/Samples/ExposeHDRPInternals/HDRP-Editor-ref.asmref has no target assembly definition
'Packages/com.unity.cinemachine/Editor/Obsolete/CinemachineVirtualCameraBaseEditor.cs' contains partial class of Unity.Object, exactly 1 of the partial classes needs to be in a file with the same filename. This is to know the one that can be referenced from ie. GameObjects
'Packages/com.unity.cinemachine/Editor/Editors/CinemachineVirtualCameraBaseEditor.cs' contains partial class of Unity.Object, exactly 1 of the partial classes needs to be in a file with the same filename. This is to know the one that can be referenced from ie. GameObjects
Refreshing native plugins compatible for Editor in 4.95 ms, found 1 plugins.
Native extension for WindowsStandalone target not found
Native extension for WebGL target not found
[Package Manager] Failed to launch server process. Reason: Unity was launched with the -noUpm command-line argument
[Package Manager] Unable to send message (not connected to server process).
[Package Manager] Cannot connect to Unity Package Manager local server
Refreshing native plugins compatible for Editor in 5.16 ms, found 1 plugins.
[Package Manager] Failed to launch server process. Reason: Unity was launched with the -noUpm command-line argument
[Package Manager] Unable to send message (not connected to server process).
[Package Manager] Cannot connect to Unity Package Manager local server
[Licensing::Client] Error: Code 404 while processing request (status: Found 0 entitlement groups and 0 free entitlements matching requested entitlement ids)
ScheduleIndexationOnStartup MainProcess:False IndexOnStartup:True
Mono: successfully reloaded assembly
- Finished resetting the current domain, in  2.346 seconds
Domain Reload Profiling: 4614ms
	BeginReloadAssembly (333ms)
		DisableScriptedObjects (6ms)
		CreateAndSetChildDomain (33ms)
	RebuildCommonClasses (9ms)
	RebuildNativeTypeToScriptingClass (24ms)
	initialDomainReloadingComplete (208ms)
	LoadAllAssembliesAndSetupDomain (1692ms)
		LoadAssemblies (1084ms)
		AnalyzeDomain (518ms)
			TypeCache.Refresh (410ms)
				TypeCache.ScanAssembly (382ms)
			BuildScriptInfoCaches (96ms)
			ResolveRequiredComponents (9ms)
	FinalizeReload (2347ms)
		SetupLoadedEditorAssemblies (0ms)
			InitializePlatformSupportModulesInManaged (3ms)
			BeforeProcessingInitializeOnLoad (162ms)
			ProcessInitializeOnLoadAttributes (1277ms)
			ProcessInitializeOnLoadMethodAttributes (556ms)
			AfterProcessingInitializeOnLoad (40ms)
		AwakeInstancesAfterBackupRestoration (4ms)
AcceleratorClientConnectionCallback - disconnected - :0
Launched and connected shader compiler UnityShaderCompiler.exe after 0.01 seconds
Refreshing native plugins compatible for Editor in 5.44 ms, found 1 plugins.
Unloading 66 Unused Serialized files (Serialized files now loaded: 0)
Curl error 3: URL rejected: Malformed input to a URL function
Unloading 7779 unused Assets / (20.8 MB). Loaded Objects now: 8678.
Memory consumption went from 431.3 MB to 410.5 MB.
Total: 25.953700 ms (FindLiveObjects: 0.994900 ms CreateObjectMapping: 2.889700 ms MarkObjects: 17.344000 ms  DeleteObjects: 4.721900 ms)

========================================================================
Received Prepare
AcceleratorClientConnectionCallback - disconnected - :0
Assembly reference Packages/com.unity.cinemachine/Editor/Samples/ExposeHDRPInternals/HDRP-Editor-ref.asmref has no target assembly definition
Assembly reference Packages/com.unity.cinemachine/Editor/Samples/ExposeHDRPInternals/HDRP-Editor-ref.asmref has no target assembly definition
[Licensing::Client] Successfully resolved entitlement details
Begin MonoManager ReloadAssembly
Symbol file LoadedFromMemory is not a mono symbol file
Symbol file LoadedFromMemory is not a mono symbol file
Assembly reference Packages/com.unity.cinemachine/Editor/Samples/ExposeHDRPInternals/HDRP-Editor-ref.asmref has no target assembly definition
Assembly reference Packages/com.unity.cinemachine/Editor/Samples/ExposeHDRPInternals/HDRP-Editor-ref.asmref has no target assembly definition
'Packages/com.unity.cinemachine/Editor/Obsolete/CinemachineVirtualCameraBaseEditor.cs' contains partial class of Unity.Object, exactly 1 of the partial classes needs to be in a file with the same filename. This is to know the one that can be referenced from ie. GameObjects
'Packages/com.unity.cinemachine/Editor/Editors/CinemachineVirtualCameraBaseEditor.cs' contains partial class of Unity.Object, exactly 1 of the partial classes needs to be in a file with the same filename. This is to know the one that can be referenced from ie. GameObjects
Refreshing native plugins compatible for Editor in 6.18 ms, found 1 plugins.
Native extension for WindowsStandalone target not found
Native extension for WebGL target not found
[Package Manager] Failed to launch server process. Reason: Unity was launched with the -noUpm command-line argument
[Package Manager] Unable to send message (not connected to server process).
[Package Manager] Cannot connect to Unity Package Manager local server
Refreshing native plugins compatible for Editor in 6.23 ms, found 1 plugins.
[Package Manager] Failed to launch server process. Reason: Unity was launched with the -noUpm command-line argument
[Package Manager] Unable to send message (not connected to server process).
[Package Manager] Cannot connect to Unity Package Manager local server
[Licensing::Client] Error: Code 404 while processing request (status: Found 0 entitlement groups and 0 free entitlements matching requested entitlement ids)
ScheduleIndexationOnStartup MainProcess:False IndexOnStartup:True
Mono: successfully reloaded assembly
- Finished resetting the current domain, in  2.507 seconds
Domain Reload Profiling: 4572ms
	BeginReloadAssembly (434ms)
		DisableScriptedObjects (7ms)
		CreateAndSetChildDomain (87ms)
	RebuildCommonClasses (10ms)
	RebuildNativeTypeToScriptingClass (22ms)
	initialDomainReloadingComplete (237ms)
	LoadAllAssembliesAndSetupDomain (1360ms)
		LoadAssemblies (1197ms)
		AnalyzeDomain (25ms)
			TypeCache.Refresh (11ms)
			ResolveRequiredComponents (10ms)
	FinalizeReload (2508ms)
		SetupLoadedEditorAssemblies (0ms)
			InitializePlatformSupportModulesInManaged (4ms)
			BeforeProcessingInitializeOnLoad (189ms)
			ProcessInitializeOnLoadAttributes (1083ms)
			ProcessInitializeOnLoadMethodAttributes (734ms)
			AfterProcessingInitializeOnLoad (42ms)
		AwakeInstancesAfterBackupRestoration (23ms)
Refreshing native plugins compatible for Editor in 6.56 ms, found 1 plugins.
Unloading 66 Unused Serialized files (Serialized files now loaded: 0)
Unloading 7778 unused Assets / (20.9 MB). Loaded Objects now: 8722.
Memory consumption went from 424.1 MB to 403.2 MB.
Total: 28.093200 ms (FindLiveObjects: 1.001400 ms CreateObjectMapping: 3.560400 ms MarkObjects: 17.984000 ms  DeleteObjects: 5.546200 ms)

Prepare: number of updated asset objects reloaded= 0
========================================================================
Received Prepare
AcceleratorClientConnectionCallback - disconnected - :0
Refreshing native plugins compatible for Editor in 6.45 ms, found 1 plugins.
Unloading 66 Unused Serialized files (Serialized files now loaded: 0)
Unloading 66 unused Assets / (13.8 MB). Loaded Objects now: 8722.
Memory consumption went from 423.0 MB to 409.2 MB.
Total: 21.889800 ms (FindLiveObjects: 0.616000 ms CreateObjectMapping: 1.328000 ms MarkObjects: 17.742400 ms  DeleteObjects: 2.202500 ms)

Prepare: number of updated asset objects reloaded= 0
========================================================================
Received Import Request.
  Time of request: 2026-06-26T12:21:08.3026811Z
  Time since last request: 15512.02497380000023 seconds.
  importAddress: GUID: 902a911be16023349ad3746f934f8f85 - Path: Assets/Prefabs/VFX_Confettis.prefab - Importer: PreviewImporter
Importing 'GUID: 902a911be16023349ad3746f934f8f85 - Path: Assets/Prefabs/VFX_Confettis.prefab - Importer: PreviewImporter' with importer (PreviewImporter)
Imported 'GUID: 902a911be16023349ad3746f934f8f85' -> (Import Result ID: '665670ea4e1ed53694cec8545e6b7bd4') in 0.535 seconds [static and dynamic dependencies]. Details - ImportResultOutputID=b55afcc67c5258c9103dce9c170cd53b DependenciesID=c889be42341dc4e5551f2c96062fd3bd StaticDependenciesID=fc0c79dfc970ad949d40eb9ee69a8294 
Number of updated asset objects reloaded before import = 0
Number of asset objects unloaded after import = 9
========================================================================
Received Prepare
AcceleratorClientConnectionCallback - disconnected - :0
Assembly reference Packages/com.unity.cinemachine/Editor/Samples/ExposeHDRPInternals/HDRP-Editor-ref.asmref has no target assembly definition
Assembly reference Packages/com.unity.cinemachine/Editor/Samples/ExposeHDRPInternals/HDRP-Editor-ref.asmref has no target assembly definition
[Licensing::Client] Successfully resolved entitlement details
Begin MonoManager ReloadAssembly
Symbol file LoadedFromMemory is not a mono symbol file
Symbol file LoadedFromMemory is not a mono symbol file
Assembly reference Packages/com.unity.cinemachine/Editor/Samples/ExposeHDRPInternals/HDRP-Editor-ref.asmref has no target assembly definition
Assembly reference Packages/com.unity.cinemachine/Editor/Samples/ExposeHDRPInternals/HDRP-Editor-ref.asmref has no target assembly definition
'Packages/com.unity.cinemachine/Editor/Obsolete/CinemachineVirtualCameraBaseEditor.cs' contains partial class of Unity.Object, exactly 1 of the partial classes needs to be in a file with the same filename. This is to know the one that can be referenced from ie. GameObjects
'Packages/com.unity.cinemachine/Editor/Editors/CinemachineVirtualCameraBaseEditor.cs' contains partial class of Unity.Object, exactly 1 of the partial classes needs to be in a file with the same filename. This is to know the one that can be referenced from ie. GameObjects
Refreshing native plugins compatible for Editor in 6.01 ms, found 1 plugins.
Native extension for WindowsStandalone target not found
Native extension for WebGL target not found
[Package Manager] Failed to launch server process. Reason: Unity was launched with the -noUpm command-line argument
[Package Manager] Unable to send message (not connected to server process).
[Package Manager] Cannot connect to Unity Package Manager local server
Refreshing native plugins compatible for Editor in 6.90 ms, found 1 plugins.
[Package Manager] Failed to launch server process. Reason: Unity was launched with the -noUpm command-line argument
[Package Manager] Unable to send message (not connected to server process).
[Package Manager] Cannot connect to Unity Package Manager local server
[Licensing::Client] Error: Code 404 while processing request (status: Found 0 entitlement groups and 0 free entitlements matching requested entitlement ids)
ScheduleIndexationOnStartup MainProcess:False IndexOnStartup:True
Mono: successfully reloaded assembly
- Finished resetting the current domain, in  2.480 seconds
Domain Reload Profiling: 4613ms
	BeginReloadAssembly (457ms)
		DisableScriptedObjects (23ms)
		CreateAndSetChildDomain (95ms)
	RebuildCommonClasses (11ms)
	RebuildNativeTypeToScriptingClass (22ms)
	initialDomainReloadingComplete (234ms)
	LoadAllAssembliesAndSetupDomain (1408ms)
		LoadAssemblies (1240ms)
		AnalyzeDomain (26ms)
			TypeCache.Refresh (11ms)
			ResolveRequiredComponents (11ms)
	FinalizeReload (2481ms)
		SetupLoadedEditorAssemblies (0ms)
			InitializePlatformSupportModulesInManaged (4ms)
			BeforeProcessingInitializeOnLoad (186ms)
			ProcessInitializeOnLoadAttributes (1137ms)
			ProcessInitializeOnLoadMethodAttributes (762ms)
			AfterProcessingInitializeOnLoad (53ms)
		AwakeInstancesAfterBackupRestoration (42ms)
Refreshing native plugins compatible for Editor in 6.46 ms, found 1 plugins.
Unloading 66 Unused Serialized files (Serialized files now loaded: 0)
Unloading 7778 unused Assets / (20.7 MB). Loaded Objects now: 8757.
Memory consumption went from 445.0 MB to 424.2 MB.
Total: 29.582800 ms (FindLiveObjects: 0.983900 ms CreateObjectMapping: 3.604300 ms MarkObjects: 19.140700 ms  DeleteObjects: 5.852800 ms)

Prepare: number of updated asset objects reloaded= 0
========================================================================
Received Prepare
AcceleratorClientConnectionCallback - disconnected - :0
Refreshing native plugins compatible for Editor in 6.01 ms, found 1 plugins.
Unloading 66 Unused Serialized files (Serialized files now loaded: 0)
Unloading 66 unused Assets / (13.8 MB). Loaded Objects now: 8757.
Memory consumption went from 442.4 MB to 428.6 MB.
Total: 20.649600 ms (FindLiveObjects: 0.492900 ms CreateObjectMapping: 1.068300 ms MarkObjects: 17.126200 ms  DeleteObjects: 1.960800 ms)

Prepare: number of updated asset objects reloaded= 0
========================================================================
Received Import Request.
  Time of request: 2026-06-26T12:23:16.1374109Z
  Time since last request: 127.2820408 seconds.
  importAddress: GUID: ba48c2ff1042f9c4dba69a3a9d39f156 - Path: Assets/Audio/BOING Funny Sound Effects Nick TV (mp3cut.net).mp3 - Importer: ScriptedImporter/UnityEditor.QuickSearchModule:UnityEditor.Search:ASIAI0B
Importing 'GUID: ba48c2ff1042f9c4dba69a3a9d39f156 - Path: Assets/Audio/BOING Funny Sound Effects Nick TV (mp3cut.net).mp3 - Importer: ScriptedImporter/UnityEditor.QuickSearchModule:UnityEditor.Search:ASIAI0B' with importer (ScriptedImporter : UnityEditor.QuickSearchModule:UnityEditor.Search:ASIAI0B)
Imported 'GUID: ba48c2ff1042f9c4dba69a3a9d39f156' -> (Import Result ID: '79cef2c7246bee5bf707f24d1d8c0d74') in 0.079 seconds [static and dynamic dependencies]. Details - ImportResultOutputID=e2158728f3d1dcd80153d22d7f33e959 DependenciesID=d6663761c2cd9a2b491189bf47f3afdf StaticDependenciesID=68eb350af5ea9c58779abe435f5e97f5 
Number of updated asset objects reloaded before import = 0
Number of asset objects unloaded after import = 1
========================================================================
Received Import Request.
  Time of request: 2026-06-26T12:23:16.231986Z
  Time since last request: 0.0003567 seconds.
  importAddress: GUID: 6711c99753b441e4eb83a64ad5cbc33b - Path: Assets/Audio/Mouse Click Sound Effect.mp3 - Importer: ScriptedImporter/UnityEditor.QuickSearchModule:UnityEditor.Search:ASIAI0B
Importing 'GUID: 6711c99753b441e4eb83a64ad5cbc33b - Path: Assets/Audio/Mouse Click Sound Effect.mp3 - Importer: ScriptedImporter/UnityEditor.QuickSearchModule:UnityEditor.Search:ASIAI0B' with importer (ScriptedImporter : UnityEditor.QuickSearchModule:UnityEditor.Search:ASIAI0B)
Imported 'GUID: 6711c99753b441e4eb83a64ad5cbc33b' -> (Import Result ID: '978661399e210f650b69d0774abfcb1d') in 0.010 seconds [static and dynamic dependencies]. Details - ImportResultOutputID=be42698c7384994b8cd37f77a6136d66 DependenciesID=e60c9cbec4a1194a4cd678b72ebc5c3a StaticDependenciesID=79d93bc7f9c1eafb7959c45e8773fcc5 
Number of updated asset objects reloaded before import = 0
Number of asset objects unloaded after import = 1
========================================================================
Received Import Request.
  Time of request: 2026-06-26T12:23:16.2552971Z
  Time since last request: 0.0003377 seconds.
  importAddress: GUID: 4a3527bfdf29e0e4eb9ddedea65a501b - Path: Assets/Audio/Nice (meme) - Sound Effect.mp3 - Importer: ScriptedImporter/UnityEditor.QuickSearchModule:UnityEditor.Search:ASIAI0B
Importing 'GUID: 4a3527bfdf29e0e4eb9ddedea65a501b - Path: Assets/Audio/Nice (meme) - Sound Effect.mp3 - Importer: ScriptedImporter/UnityEditor.QuickSearchModule:UnityEditor.Search:ASIAI0B' with importer (ScriptedImporter : UnityEditor.QuickSearchModule:UnityEditor.Search:ASIAI0B)
Imported 'GUID: 4a3527bfdf29e0e4eb9ddedea65a501b' -> (Import Result ID: 'f97a71302094586e688dc4d0374eda96') in 0.006 seconds [static and dynamic dependencies]. Details - ImportResultOutputID=c3994e780e6faa8cc76469c18ba6ca72 DependenciesID=1190c2756fa7483b93f184eda7d95140 StaticDependenciesID=ec7f230118147c89c95171bf71a8a6ff 
Number of updated asset objects reloaded before import = 0
Number of asset objects unloaded after import = 1
========================================================================
Received Import Request.
  Time of request: 2026-06-26T12:23:16.2745569Z
  Time since last request: 0.0002886 seconds.
  importAddress: GUID: 28b47ea687eae2f46b1899c0d9b4fcb5 - Path: Assets/Audio/Apple Pay sound effect.mp3 - Importer: ScriptedImporter/UnityEditor.QuickSearchModule:UnityEditor.Search:ASIAI0B
Importing 'GUID: 28b47ea687eae2f46b1899c0d9b4fcb5 - Path: Assets/Audio/Apple Pay sound effect.mp3 - Importer: ScriptedImporter/UnityEditor.QuickSearchModule:UnityEditor.Search:ASIAI0B' with importer (ScriptedImporter : UnityEditor.QuickSearchModule:UnityEditor.Search:ASIAI0B)
Imported 'GUID: 28b47ea687eae2f46b1899c0d9b4fcb5' -> (Import Result ID: 'eaa6a12eabfc049222a38f81ca21416b') in 0.006 seconds [static and dynamic dependencies]. Details - ImportResultOutputID=6e998644e55de3be203b94739517fdee DependenciesID=ea8efb0982602bf6153abdc14301d937 StaticDependenciesID=8d3fbc0b51050866663376b1c2fd1975 
Number of updated asset objects reloaded before import = 0
Number of asset objects unloaded after import = 1
========================================================================
Received Import Request.
  Time of request: 2026-06-26T12:23:16.294162Z
  Time since last request: 0.0003434 seconds.
  importAddress: GUID: 904fd546bf931f24d8a675c3b045205c - Path: Assets/Audio/Minecraft Steve OOF Sound Effect.mp3 - Importer: ScriptedImporter/UnityEditor.QuickSearchModule:UnityEditor.Search:ASIAI0B
Importing 'GUID: 904fd546bf931f24d8a675c3b045205c - Path: Assets/Audio/Minecraft Steve OOF Sound Effect.mp3 - Importer: ScriptedImporter/UnityEditor.QuickSearchModule:UnityEditor.Search:ASIAI0B' with importer (ScriptedImporter : UnityEditor.QuickSearchModule:UnityEditor.Search:ASIAI0B)
Imported 'GUID: 904fd546bf931f24d8a675c3b045205c' -> (Import Result ID: '04a73176ab04d00d329149402af25d7b') in 0.006 seconds [static and dynamic dependencies]. Details - ImportResultOutputID=06f99516620b537bd94d7adb829e50de DependenciesID=dba3a3ddb8594cad46155d66b297ad16 StaticDependenciesID=b2f73c4bb457d12d1e5dab8ede10df78 
Number of updated asset objects reloaded before import = 0
Number of asset objects unloaded after import = 1
========================================================================
Received Import Request.
  Time of request: 2026-06-26T12:23:57.6156189Z
  Time since last request: 41.3027499 seconds.
  importAddress: GUID: e8a0c292d2a1e7d42ac847d727b673e7 - Path: Assets/Tutorials/Media/1.0 Icon.png - Importer: PreviewImporter
Importing 'GUID: e8a0c292d2a1e7d42ac847d727b673e7 - Path: Assets/Tutorials/Media/1.0 Icon.png - Importer: PreviewImporter' with importer (PreviewImporter)
Imported 'GUID: e8a0c292d2a1e7d42ac847d727b673e7' -> (Import Result ID: 'f1796f1a9363b71f6b51a630ad346214') in 0.072 seconds [static and dynamic dependencies]. Details - ImportResultOutputID=b7dec2b0771e273b9fc827bafa978a9e DependenciesID=a73ba01ea110ad5d2233a944dab3246c StaticDependenciesID=0e31045cd87125023e50b5cbe3ff5141 
Number of updated asset objects reloaded before import = 0
Number of asset objects unloaded after import = 2
========================================================================
Received Import Request.
  Time of request: 2026-06-26T12:23:57.708987Z
  Time since last request: 0.0003801 seconds.
  importAddress: GUID: eaa2575294b0844f99781207cf1129af - Path: Assets/Tutorials/Media/2.6 Select the Move tool.png - Importer: PreviewImporter
Importing 'GUID: eaa2575294b0844f99781207cf1129af - Path: Assets/Tutorials/Media/2.6 Select the Move tool.png - Importer: PreviewImporter' with importer (PreviewImporter)
Imported 'GUID: eaa2575294b0844f99781207cf1129af' -> (Import Result ID: '5c23308712b74a4110893985e647f6ca') in 0.049 seconds [static and dynamic dependencies]. Details - ImportResultOutputID=d3f7c74ec1174bd0718b9b1a2b7701d7 DependenciesID=067aee4824a2f4459bcb85fe9bd71540 StaticDependenciesID=8297b7c99ae82897399aed6f4a8e362d 
Number of updated asset objects reloaded before import = 0
Number of asset objects unloaded after import = 2
========================================================================
Received Import Request.
  Time of request: 2026-06-26T12:23:57.7705314Z
  Time since last request: 0.0003405 seconds.
  importAddress: GUID: f4083ed73845543f9ae16a30d06ffa1c - Path: Assets/Tutorials/Media/3.2 Animation.png - Importer: PreviewImporter
Importing 'GUID: f4083ed73845543f9ae16a30d06ffa1c - Path: Assets/Tutorials/Media/3.2 Animation.png - Importer: PreviewImporter' with importer (PreviewImporter)
Imported 'GUID: f4083ed73845543f9ae16a30d06ffa1c' -> (Import Result ID: 'e4d77840a03012092cbf004e64509b25') in 0.022 seconds [static and dynamic dependencies]. Details - ImportResultOutputID=8ef0081ecaa61c64c24fc12aa0a5a556 DependenciesID=65e9579651ce6ff341091186796d3640 StaticDependenciesID=62675a3f87880e41871c97dab36ece24 
Number of updated asset objects reloaded before import = 0
Number of asset objects unloaded after import = 2
========================================================================
Received Import Request.
  Time of request: 2026-06-26T12:23:57.8057047Z
  Time since last request: 0.0002906 seconds.
  importAddress: GUID: 1e9af959643be9b47af8c56289ba4a09 - Path: Assets/SourceFiles/Textures/Repeating Tiles/FootPrint_Opt.png - Importer: PreviewImporter
Importing 'GUID: 1e9af959643be9b47af8c56289ba4a09 - Path: Assets/SourceFiles/Textures/Repeating Tiles/FootPrint_Opt.png - Importer: PreviewImporter' with importer (PreviewImporter)
Imported 'GUID: 1e9af959643be9b47af8c56289ba4a09' -> (Import Result ID: '6536a590b40a124f444b5277c984c472') in 0.055 seconds [static and dynamic dependencies]. Details - ImportResultOutputID=85f790a417f9976f9d02abed2f162234 DependenciesID=fcacc29eb3e6718b6acd73c2fd7adede StaticDependenciesID=b95e50535f90ca386e7b14932d047fde 
Number of updated asset objects reloaded before import = 0
Number of asset objects unloaded after import = 2
========================================================================
Received Import Request.
  Time of request: 2026-06-26T12:23:57.8734012Z
  Time since last request: 0.0006187 seconds.
  importAddress: GUID: e896c704088c74414bd21d092fae79a6 - Path: Assets/SourceFiles/Textures/Repeating Tiles/Circuit_Normal.png - Importer: PreviewImporter
Importing 'GUID: e896c704088c74414bd21d092fae79a6 - Path: Assets/SourceFiles/Textures/Repeating Tiles/Circuit_Normal.png - Importer: PreviewImporter' with importer (PreviewImporter)
Imported 'GUID: e896c704088c74414bd21d092fae79a6' -> (Import Result ID: 'f6d38832e43de890281acf8e5fffeedc') in 0.038 seconds [static and dynamic dependencies]. Details - ImportResultOutputID=d344fd669ff0055471f3ede985d3b0b1 DependenciesID=3644f59c71de56725e0a7cd10f19a88c StaticDependenciesID=e1f4de9cec4b2eb23f9f706cd5b45d04 
Number of updated asset objects reloaded before import = 0
Number of asset objects unloaded after import = 2
========================================================================
Received Import Request.
  Time of request: 2026-06-26T12:23:57.928273Z
  Time since last request: 0.0000242 seconds.
  importAddress: GUID: c5fb851eae6c1fa478bee04155c8ab72 - Path: Assets/SourceFiles/Textures/Repeating Tiles/GrassBushyThick_Albedo.tif - Importer: PreviewImporter
Importing 'GUID: c5fb851eae6c1fa478bee04155c8ab72 - Path: Assets/SourceFiles/Textures/Repeating Tiles/GrassBushyThick_Albedo.tif - Importer: PreviewImporter' with importer (PreviewImporter)
Imported 'GUID: c5fb851eae6c1fa478bee04155c8ab72' -> (Import Result ID: '1551adee2fe87ab17e1503734c43d7d4') in 0.016 seconds [static and dynamic dependencies]. Details - ImportResultOutputID=0f389544d8ff46fef351dd5f55a06cc5 DependenciesID=d8f44c9d992646388c98ad4fb59d4364 StaticDependenciesID=19ce7c73eb8176bc15f8c55dde2f00a8 
Number of updated asset objects reloaded before import = 0
Number of asset objects unloaded after import = 2
========================================================================
Received Import Request.
  Time of request: 2026-06-26T12:23:57.9568467Z
  Time since last request: 0.0002283 seconds.
  importAddress: GUID: c699674b3a47d4353a8b5e90c4ffd5af - Path: Assets/Tutorials/Media/1.8 Reposition the robot.png - Importer: PreviewImporter
Importing 'GUID: c699674b3a47d4353a8b5e90c4ffd5af - Path: Assets/Tutorials/Media/1.8 Reposition the robot.png - Importer: PreviewImporter' with importer (PreviewImporter)
Imported 'GUID: c699674b3a47d4353a8b5e90c4ffd5af' -> (Import Result ID: '73f5da800ef41d878d7a87859b715b16') in 0.009 seconds [static and dynamic dependencies]. Details - ImportResultOutputID=7d719ec18ea7bb284803cbef7d2f3235 DependenciesID=bff965d31b538dacc0546c78e4611e09 StaticDependenciesID=ec51512e33322162ca9495a9a2e4e496 
Number of updated asset objects reloaded before import = 0
Number of asset objects unloaded after import = 2
========================================================================
Received Import Request.
  Time of request: 2026-06-26T12:23:57.9790118Z
  Time since last request: 0.0002554 seconds.
  importAddress: GUID: 0e0dd532fc656bb4494ee9c0813a49da - Path: Assets/SourceFiles/Textures/Repeating Tiles/Candy_Albedo.png - Importer: PreviewImporter
Importing 'GUID: 0e0dd532fc656bb4494ee9c0813a49da - Path: Assets/SourceFiles/Textures/Repeating Tiles/Candy_Albedo.png - Importer: PreviewImporter' with importer (PreviewImporter)
Imported 'GUID: 0e0dd532fc656bb4494ee9c0813a49da' -> (Import Result ID: 'a28ee2c863703f43c8c2a0138bd4d7c6') in 0.014 seconds [static and dynamic dependencies]. Details - ImportResultOutputID=9651629041273d34a3b219185eb35169 DependenciesID=72358ff4f114786d064f8241ccef3991 StaticDependenciesID=7a37258ddde4ddd0e06f555846e966c2 
Number of updated asset objects reloaded before import = 0
Number of asset objects unloaded after import = 2
========================================================================
Received Import Request.
  Time of request: 2026-06-26T12:23:58.0060789Z
  Time since last request: 0.0005308 seconds.
  importAddress: GUID: 52d752b311f5c4cba9ab6e8def8dc17d - Path: Assets/Tutorials/Media/1.11 The Uniy interface.png - Importer: PreviewImporter
Importing 'GUID: 52d752b311f5c4cba9ab6e8def8dc17d - Path: Assets/Tutorials/Media/1.11 The Uniy interface.png - Importer: PreviewImporter' with importer (PreviewImporter)
Imported 'GUID: 52d752b311f5c4cba9ab6e8def8dc17d' -> (Import Result ID: '390ff809c2a4c6f46c7e3ef290595ae0') in 0.011 seconds [static and dynamic dependencies]. Details - ImportResultOutputID=c4fca6576ec5bfc29f478726bceee462 DependenciesID=c8cbc3997bcadc31b54cd15d5c201f53 StaticDependenciesID=24e18da2b3ace4458e100877a72b3b87 
Number of updated asset objects reloaded before import = 0
Number of asset objects unloaded after import = 2
========================================================================
Received Import Request.
  Time of request: 2026-06-26T12:23:58.0305135Z
  Time since last request: 0.0002764 seconds.
  importAddress: GUID: 99a6f80334b4242e98f9f0602fc9c90a - Path: Assets/Tutorials/Media/2.1 The 3D fundamentals.png - Importer: PreviewImporter
Importing 'GUID: 99a6f80334b4242e98f9f0602fc9c90a - Path: Assets/Tutorials/Media/2.1 The 3D fundamentals.png - Importer: PreviewImporter' with importer (PreviewImporter)
Imported 'GUID: 99a6f80334b4242e98f9f0602fc9c90a' -> (Import Result ID: '3d91f62d648d3049fd1fc2ff68697bdc') in 0.011 seconds [static and dynamic dependencies]. Details - ImportResultOutputID=ec2d6797b3070292f2264c709d6e4bca DependenciesID=bdb8c0de761781b56defc909557980ca StaticDependenciesID=7c8d2e63214f4d5af6c94ab9651b881d 
Number of updated asset objects reloaded before import = 0
Number of asset objects unloaded after import = 2
========================================================================
Received Import Request.
  Time of request: 2026-06-26T12:23:58.0548358Z
  Time since last request: 0.0002627 seconds.
  importAddress: GUID: 05e399b8a5fcedc4780ca7dcd5f4dff7 - Path: Assets/SourceFiles/Textures/Repeating Tiles/FootPrintSand_Normal.png - Importer: PreviewImporter
Importing 'GUID: 05e399b8a5fcedc4780ca7dcd5f4dff7 - Path: Assets/SourceFiles/Textures/Repeating Tiles/FootPrintSand_Normal.png - Importer: PreviewImporter' with importer (PreviewImporter)
Imported 'GUID: 05e399b8a5fcedc4780ca7dcd5f4dff7' -> (Import Result ID: '508acf6ec3a83a97348242918c0482a9') in 0.008 seconds [static and dynamic dependencies]. Details - ImportResultOutputID=7ccfd4d0d77c6ba9750fbfb7713817c6 DependenciesID=70781a9f4feb8dc352f6d163da976361 StaticDependenciesID=14f4c47f24482df5e6694d8dcac8f85e 
Number of updated asset objects reloaded before import = 0
Number of asset objects unloaded after import = 2
========================================================================
Received Import Request.
  Time of request: 2026-06-26T12:23:58.0765488Z
  Time since last request: 0.0003921 seconds.
  importAddress: GUID: c623927cf7d668e469dadf11c10439a8 - Path: Assets/SourceFiles/Textures/Repeating Tiles/FootPrint_Normal.png - Importer: PreviewImporter
Importing 'GUID: c623927cf7d668e469dadf11c10439a8 - Path: Assets/SourceFiles/Textures/Repeating Tiles/FootPrint_Normal.png - Importer: PreviewImporter' with importer (PreviewImporter)
Imported 'GUID: c623927cf7d668e469dadf11c10439a8' -> (Import Result ID: '4deb21f415bcd12034cd6de3371264a7') in 0.008 seconds [static and dynamic dependencies]. Details - ImportResultOutputID=f794059690715daecc18b6176150bc41 DependenciesID=1ed41f08145f14d4926e00b5fff45b96 StaticDependenciesID=2e6101b6ba2f373e88cc3dc1882454ea 
Number of updated asset objects reloaded before import = 0
Number of asset objects unloaded after import = 2
========================================================================
Received Import Request.
  Time of request: 2026-06-26T12:23:58.0984231Z
  Time since last request: 0.0002967 seconds.
  importAddress: GUID: 67bddfe39938b40508d67abd6f3a7b6a - Path: Assets/Tutorials/Media/1.3 Welcome to the project.png - Importer: PreviewImporter
Importing 'GUID: 67bddfe39938b40508d67abd6f3a7b6a - Path: Assets/Tutorials/Media/1.3 Welcome to the project.png - Importer: PreviewImporter' with importer (PreviewImporter)
Imported 'GUID: 67bddfe39938b40508d67abd6f3a7b6a' -> (Import Result ID: '280cb2c5a035152e45fca43233e2eeda') in 0.009 seconds [static and dynamic dependencies]. Details - ImportResultOutputID=99a2304f058404fe6131ad82de46a618 DependenciesID=e4d38aadb1f610f0d8250cf9872e8092 StaticDependenciesID=8b8161d59f31cd142df69432be5ea2ac 
Number of updated asset objects reloaded before import = 0
Number of asset objects unloaded after import = 2
Editor requested this worker to shutdown with reason: Scaling down because of idle timeout
AcceleratorClientConnectionCallback - disconnected - :0
AssetImportWorker is now disconnected from the server
Process exiting
Exiting without the bug reporter. Application will terminate with return code 0