[Licensing::Module] Trying to connect to existing licensing client channel...
Built from '6000.5/staging' branch; Version is '6000.5.0f1 (88b47c5e7076) revision 8959100'; Using compiler version '194234433'; Build Type 'Release'
OS: 'Windows 10  (10.0.19045) 64bit Professional' Language: 'fr' Physical Memory: 32524 MB
BatchMode: 1, IsHumanControllingUs: 0, StartBugReporterOnCrash: 0, Is64bit: 1
System  architecture: x64
Process architecture: x64
Date: 2026-06-26T08:19:28Z
[Licensing::IpcConnector] Successfully connected to: "LicenseClient-Jerezouz" at "2026-06-26T08:19:28.2189906Z"
[Licensing::Client] Code 10 while verifying Licensing Client signature (process Id: 5184, path: "C:/Program Files/Unity/Hub/Editor/6000.5.0f1/Editor/Data/Resources/Licensing/Client/Unity.Licensing.Client.exe")
[Licensing::Module] LicensingClient has failed validation; ignoring
[Licensing::Client] Handshaking with LicensingClient:
  Version:                 1.18.1+9fbee8e
  Session Id:              fb9931873dd64e9885589707b13769db
  Correlation Id:          dfd2ccbf9b82fa0c069a1d72b906e028
  External correlation Id: 517292782876925446
  Machine Id:              7vEtBvwtsY7F4AyUX9pOfy445ys=
[Licensing::Module] Successfully connected to LicensingClient on channel: "LicenseClient-Jerezouz" (connect: 0.00s, validation: 0.00s, handshake: 0.06s)
[Licensing::IpcConnector] Successfully connected to: "LicenseClient-Jerezouz-notifications" at "2026-06-26T08:19:28.2800758Z"
[Licensing::Module] Licensing Background thread has ended after 0.06s

COMMAND LINE ARGUMENTS:
C:\Program Files\Unity\Hub\Editor\6000.5.0f1\Editor\Unity.exe
-adb2
-batchMode
-noUpm
-name
AssetImportWorkerHW2
-projectPath
C:/Users/Jerezouz/Setup Guide In-Editor Tutorial
-logFile
Logs/AssetImportWorkerHW2.log
-srvPort
2878
-parentPid
10624
-analyticsCloudUserId
20067331270371
-analyticsCloudProjectId
55a22f49-e6c2-4276-84ab-192e267a0370
-analyticsLocalProjectId
c4ff697ab68fa864e86d29bd54839be0
-licensingIpc
LicenseClient-Jerezouz
-noDiagnosticSwitchPersistentStore
-job-worker-count
9
-background-job-worker-count
8
-asset-garbage-collectors
1
-force-d3d12
-name
AssetImport
Successfully changed project path to: C:/Users/Jerezouz/Setup Guide In-Editor Tutorial
C:/Users/Jerezouz/Setup Guide In-Editor Tutorial
[UnityMemory] Configuration Parameters - Can be set up in boot.config
    "memorysetup-temp-allocator-size-gi-baking-worker=262144"
    "memorysetup-temp-allocator-size-gi-baking-worker=262144"
    "memorysetup-temp-allocator-size-gi-baking-worker=262144"
    "memorysetup-temp-allocator-size-gi-baking-worker=262144"
    "memorysetup-temp-allocator-size-gi-baking-worker=262144"
    "memorysetup-temp-allocator-size-nav-mesh-worker=65536"
    "memorysetup-temp-allocator-size-audio-worker=65536"
    "memorysetup-temp-allocator-size-cloud-worker=32768"
    "memorysetup-temp-allocator-size-gfx=262144"
    "memorysetup-temp-allocator-size-preload-manager=33554432"
    "memorysetup-allocator-temp-initial-block-size-main=262144"
    "memorysetup-allocator-temp-initial-block-size-worker=262144"
    "memorysetup-temp-allocator-size-job-worker=262144"
    "memorysetup-temp-allocator-size-background-worker=32768"
    "memorysetup-bucket-allocator-granularity=16"
    "memorysetup-bucket-allocator-bucket-count=8"
    "memorysetup-bucket-allocator-block-size=33554432"
    "memorysetup-bucket-allocator-block-count=8"
    "memorysetup-main-allocator-block-size=16777216"
    "memorysetup-thread-allocator-block-size=16777216"
    "memorysetup-main-allocator-mimalloc-enabled=0"
    "memorysetup-gfx-main-allocator-block-size=16777216"
    "memorysetup-gfx-thread-allocator-block-size=16777216"
    "memorysetup-cache-allocator-block-size=4194304"
    "memorysetup-typetree-allocator-block-size=2097152"
    "memorysetup-profiler-bucket-allocator-granularity=16"
    "memorysetup-profiler-bucket-allocator-bucket-count=8"
    "memorysetup-profiler-bucket-allocator-block-size=33554432"
    "memorysetup-profiler-bucket-allocator-block-count=8"
    "memorysetup-profiler-allocator-block-size=16777216"
    "memorysetup-profiler-editor-allocator-block-size=1048576"
    "memorysetup-temp-allocator-size-main=16777216"
    "memorysetup-job-temp-allocator-block-size=2097152"
    "memorysetup-job-temp-allocator-block-size-background=1048576"
    "memorysetup-job-temp-allocator-reduction-small-platforms=262144"
Player connection [11016]  Target information:

Player connection [11016]  * "[IP] 192.168.144.1 [Port] 0 [Flags] 2 [Guid] 531731091 [EditorId] 531731091 [Version] 1048832 [Id] WindowsEditor(7,DESKTOP-ABE3FFS) [Debug] 1 [PackageName] WindowsEditor [ProjectName] Editor" 

Player connection [11016]  * "[IP] 192.168.208.1 [Port] 0 [Flags] 2 [Guid] 531731091 [EditorId] 531731091 [Version] 1048832 [Id] WindowsEditor(7,DESKTOP-ABE3FFS) [Debug] 1 [PackageName] WindowsEditor [ProjectName] Editor" 

Player connection [11016]  * "[IP] 169.254.83.107 [Port] 0 [Flags] 2 [Guid] 531731091 [EditorId] 531731091 [Version] 1048832 [Id] WindowsEditor(7,DESKTOP-ABE3FFS) [Debug] 1 [PackageName] WindowsEditor [ProjectName] Editor" 

Player connection [11016]  * "[IP] 192.168.1.11 [Port] 0 [Flags] 2 [Guid] 531731091 [EditorId] 531731091 [Version] 1048832 [Id] WindowsEditor(7,DESKTOP-ABE3FFS) [Debug] 1 [PackageName] WindowsEditor [ProjectName] Editor" 

Player connection [11016] Host joined multi-casting on [225.0.0.222:54997]...
Player connection [11016] Host joined alternative multi-casting on [225.0.0.222:34997]...
JobSystem: Creating JobQueue using job-worker-count value 9
Input System module state changed to: Initialized.
[Physics::Module] Initialized fallback backend.
[Physics::Module] Id: 0xdecafbad
Library Redirect Path: Library/
[Physics::Module] Selected backend.
[Physics::Module] Name: PhysX
[Physics::Module] Id: 0xf2b8ea05
[Physics::Module] SDK Version: 4.1.2
[Physics::Module] Integration Version: 1.0.0
[Physics::Module] Threading Mode: Multi-Threaded
Refreshing native plugins compatible for Editor in 6.06 ms, found 1 plugins.
Preloading 1 native plugins for Editor in 6.22 ms.
Initialize engine version: 6000.5.0f1 (88b47c5e7076)
[Subsystems] Discovering subsystems at path C:/Program Files/Unity/Hub/Editor/6000.5.0f1/Editor/Data/Resources/UnitySubsystems
[Subsystems] Discovering subsystems at path C:/Users/Jerezouz/Setup Guide In-Editor Tutorial/Assets
Forcing GfxDevice: Direct3D 12
GfxDevice: creating device client; kGfxThreadingModeNonThreaded
d3d12: failed to query info queue interface (0x80004002).
Direct3D:
    Version:         Direct3D 12 [level 12.2]
    Renderer:        NVIDIA GeForce RTX 4070 (ID=0x2786)
    Vendor:          NVIDIA
    VRAM:            12010 MB
    App VRAM Budget: 11242 MB
    Driver:          32.0.16.1062
Initialize mono
Mono path[0] = 'C:/Program Files/Unity/Hub/Editor/6000.5.0f1/Editor/Data/Managed'
Mono path[1] = 'C:/Program Files/Unity/Hub/Editor/6000.5.0f1/Editor/Data/BCLExtensions/runtime/netstandard2.1'
Mono path[2] = 'C:/Program Files/Unity/Hub/Editor/6000.5.0f1/Editor/Data/MonoBleedingEdge/lib/mono/unityjit-win32'
Mono config path = 'C:/Program Files/Unity/Hub/Editor/6000.5.0f1/Editor/Data/MonoBleedingEdge/etc'
Using monoOptions --debugger-agent=transport=dt_socket,embedding=1,server=y,suspend=n,address=127.0.0.1:56208
CodeReloadManager initialized
Begin MonoManager ReloadAssembly
Registering precompiled unity dll's ...
Register platform support module: C:/Program Files/Unity/Hub/Editor/6000.5.0f1/Editor/Data/PlaybackEngines/WebGLSupport/UnityEditor.WebGL.Extensions.dll
Register platform support module: C:/Program Files/Unity/Hub/Editor/6000.5.0f1/Editor/Data/PlaybackEngines/WindowsStandaloneSupport/UnityEditor.WindowsStandalone.Extensions.dll
Registered in 0.010870 seconds.
Native extension for WindowsStandalone target not found
Native extension for WebGL target not found
Package Manager log level set to [2]
[Package Manager] Failed to launch server process. Reason: Unity was launched with the -noUpm command-line argument
[Package Manager] Unable to send message (not connected to server process).
[Package Manager] Cannot connect to Unity Package Manager local server
ScheduleIndexationOnStartup MainProcess:False IndexOnStartup:True
Mono: successfully reloaded assembly
- Finished resetting the current domain, in  0.467 seconds
Domain Reload Profiling: 1427ms
	BeginReloadAssembly (296ms)
	RebuildCommonClasses (6ms)
	RebuildNativeTypeToScriptingClass (29ms)
	initialDomainReloadingComplete (170ms)
	LoadAllAssembliesAndSetupDomain (456ms)
		LoadAssemblies (274ms)
		AnalyzeDomain (315ms)
			TypeCache.Refresh (314ms)
				TypeCache.ScanAssembly (294ms)
	FinalizeReload (470ms)
		SetupLoadedEditorAssemblies (0ms)
			InitializePlatformSupportModulesInManaged (4ms)
			BeforeProcessingInitializeOnLoad (113ms)
			ProcessInitializeOnLoadAttributes (123ms)
			ProcessInitializeOnLoadMethodAttributes (130ms)
Assembly reference Packages/com.unity.cinemachine/Editor/Samples/ExposeHDRPInternals/HDRP-Editor-ref.asmref has no target assembly definition
Initializing Unity extensions:
[Licensing::Client] Successfully resolved entitlement details
[Licensing::Module] License group:
  Id: 20067331270371-UnityPersXXXX
  Product: Unity Personal
  Type: Assigned
  Expiration: Unlimited
Curl error 3: URL rejected: Malformed input to a URL function
========================================================================
Worker process is ready to serve import requests
Import Worker Mode flag is 0x00
Assembly reference Packages/com.unity.cinemachine/Editor/Samples/ExposeHDRPInternals/HDRP-Editor-ref.asmref has no target assembly definition
Assembly reference Packages/com.unity.cinemachine/Editor/Samples/ExposeHDRPInternals/HDRP-Editor-ref.asmref has no target assembly definition
Begin MonoManager ReloadAssembly
Symbol file LoadedFromMemory is not a mono symbol file
Symbol file LoadedFromMemory is not a mono symbol file
Assembly reference Packages/com.unity.cinemachine/Editor/Samples/ExposeHDRPInternals/HDRP-Editor-ref.asmref has no target assembly definition
Assembly reference Packages/com.unity.cinemachine/Editor/Samples/ExposeHDRPInternals/HDRP-Editor-ref.asmref has no target assembly definition
'Packages/com.unity.cinemachine/Editor/Obsolete/CinemachineVirtualCameraBaseEditor.cs' contains partial class of Unity.Object, exactly 1 of the partial classes needs to be in a file with the same filename. This is to know the one that can be referenced from ie. GameObjects
'Packages/com.unity.cinemachine/Editor/Editors/CinemachineVirtualCameraBaseEditor.cs' contains partial class of Unity.Object, exactly 1 of the partial classes needs to be in a file with the same filename. This is to know the one that can be referenced from ie. GameObjects
Refreshing native plugins compatible for Editor in 5.05 ms, found 1 plugins.
Native extension for WindowsStandalone target not found
Native extension for WebGL target not found
[Package Manager] Failed to launch server process. Reason: Unity was launched with the -noUpm command-line argument
[Package Manager] Unable to send message (not connected to server process).
[Package Manager] Cannot connect to Unity Package Manager local server
Refreshing native plugins compatible for Editor in 5.65 ms, found 1 plugins.
[Package Manager] Failed to launch server process. Reason: Unity was launched with the -noUpm command-line argument
[Package Manager] Unable to send message (not connected to server process).
[Package Manager] Cannot connect to Unity Package Manager local server
[Licensing::Client] Error: Code 404 while processing request (status: Found 0 entitlement groups and 0 free entitlements matching requested entitlement ids)
ScheduleIndexationOnStartup MainProcess:False IndexOnStartup:True
Mono: successfully reloaded assembly
- Finished resetting the current domain, in  2.402 seconds
Domain Reload Profiling: 4794ms
	BeginReloadAssembly (356ms)
		DisableScriptedObjects (6ms)
		CreateAndSetChildDomain (33ms)
	RebuildCommonClasses (10ms)
	RebuildNativeTypeToScriptingClass (25ms)
	initialDomainReloadingComplete (230ms)
	LoadAllAssembliesAndSetupDomain (1769ms)
		LoadAssemblies (1169ms)
		AnalyzeDomain (508ms)
			TypeCache.Refresh (402ms)
				TypeCache.ScanAssembly (374ms)
			BuildScriptInfoCaches (95ms)
			ResolveRequiredComponents (9ms)
	FinalizeReload (2404ms)
		SetupLoadedEditorAssemblies (0ms)
			InitializePlatformSupportModulesInManaged (3ms)
			BeforeProcessingInitializeOnLoad (176ms)
			ProcessInitializeOnLoadAttributes (1337ms)
			ProcessInitializeOnLoadMethodAttributes (526ms)
			AfterProcessingInitializeOnLoad (40ms)
		AwakeInstancesAfterBackupRestoration (3ms)
AcceleratorClientConnectionCallback - disconnected - :0
Launched and connected shader compiler UnityShaderCompiler.exe after 0.02 seconds
Refreshing native plugins compatible for Editor in 6.32 ms, found 1 plugins.
Unloading 66 Unused Serialized files (Serialized files now loaded: 0)
Curl error 3: URL rejected: Malformed input to a URL function
Unloading 7779 unused Assets / (20.8 MB). Loaded Objects now: 8678.
Memory consumption went from 431.9 MB to 411.0 MB.
Total: 28.305400 ms (FindLiveObjects: 1.016000 ms CreateObjectMapping: 3.539200 ms MarkObjects: 18.515000 ms  DeleteObjects: 5.232400 ms)

========================================================================
Received Prepare
AcceleratorClientConnectionCallback - disconnected - :0
Assembly reference Packages/com.unity.cinemachine/Editor/Samples/ExposeHDRPInternals/HDRP-Editor-ref.asmref has no target assembly definition
Assembly reference Packages/com.unity.cinemachine/Editor/Samples/ExposeHDRPInternals/HDRP-Editor-ref.asmref has no target assembly definition
Begin MonoManager ReloadAssembly
Symbol file LoadedFromMemory is not a mono symbol file
Symbol file LoadedFromMemory is not a mono symbol file
Assembly reference Packages/com.unity.cinemachine/Editor/Samples/ExposeHDRPInternals/HDRP-Editor-ref.asmref has no target assembly definition
Assembly reference Packages/com.unity.cinemachine/Editor/Samples/ExposeHDRPInternals/HDRP-Editor-ref.asmref has no target assembly definition
'Packages/com.unity.cinemachine/Editor/Obsolete/CinemachineVirtualCameraBaseEditor.cs' contains partial class of Unity.Object, exactly 1 of the partial classes needs to be in a file with the same filename. This is to know the one that can be referenced from ie. GameObjects
'Packages/com.unity.cinemachine/Editor/Editors/CinemachineVirtualCameraBaseEditor.cs' contains partial class of Unity.Object, exactly 1 of the partial classes needs to be in a file with the same filename. This is to know the one that can be referenced from ie. GameObjects
Refreshing native plugins compatible for Editor in 5.72 ms, found 1 plugins.
Native extension for WindowsStandalone target not found
Native extension for WebGL target not found
[Package Manager] Failed to launch server process. Reason: Unity was launched with the -noUpm command-line argument
[Package Manager] Unable to send message (not connected to server process).
[Package Manager] Cannot connect to Unity Package Manager local server
Refreshing native plugins compatible for Editor in 6.08 ms, found 1 plugins.
[Package Manager] Failed to launch server process. Reason: Unity was launched with the -noUpm command-line argument
[Package Manager] Unable to send message (not connected to server process).
[Package Manager] Cannot connect to Unity Package Manager local server
[Licensing::Client] Error: Code 404 while processing request (status: Found 0 entitlement groups and 0 free entitlements matching requested entitlement ids)
ScheduleIndexationOnStartup MainProcess:False IndexOnStartup:True
Mono: successfully reloaded assembly
- Finished resetting the current domain, in  2.286 seconds
Domain Reload Profiling: 4700ms
	BeginReloadAssembly (493ms)
		DisableScriptedObjects (7ms)
		CreateAndSetChildDomain (91ms)
	RebuildCommonClasses (10ms)
	RebuildNativeTypeToScriptingClass (22ms)
	initialDomainReloadingComplete (264ms)
	LoadAllAssembliesAndSetupDomain (1623ms)
		LoadAssemblies (1181ms)
		AnalyzeDomain (376ms)
			TypeCache.Refresh (18ms)
			BuildScriptInfoCaches (347ms)
			ResolveRequiredComponents (8ms)
	FinalizeReload (2288ms)
		SetupLoadedEditorAssemblies (0ms)
			InitializePlatformSupportModulesInManaged (4ms)
			BeforeProcessingInitializeOnLoad (172ms)
			ProcessInitializeOnLoadAttributes (1033ms)
			ProcessInitializeOnLoadMethodAttributes (676ms)
			AfterProcessingInitializeOnLoad (43ms)
		AwakeInstancesAfterBackupRestoration (23ms)
Refreshing native plugins compatible for Editor in 5.77 ms, found 1 plugins.
Unloading 66 Unused Serialized files (Serialized files now loaded: 0)
Unloading 7778 unused Assets / (20.5 MB). Loaded Objects now: 8722.
Memory consumption went from 438.7 MB to 418.1 MB.
Total: 26.711500 ms (FindLiveObjects: 0.456100 ms CreateObjectMapping: 3.439900 ms MarkObjects: 17.814000 ms  DeleteObjects: 4.999900 ms)

Prepare: number of updated asset objects reloaded= 0
========================================================================
Received Import Request.
  Time of request: 2026-06-26T08:20:16.457062Z
  Time since last request: 1060.08730480000008 seconds.
  importAddress: GUID: 29d561cd3d0ad55468a4ea0fe87a2f86 - Path: Assets/Spawner.cs - Importer: PreviewImporter
Importing 'GUID: 29d561cd3d0ad55468a4ea0fe87a2f86 - Path: Assets/Spawner.cs - Importer: PreviewImporter' with importer (PreviewImporter)
Imported 'GUID: 29d561cd3d0ad55468a4ea0fe87a2f86' -> (Import Result ID: '9ac71037d71544be5f2004f9cf1ff757') in 0.006 seconds [static and dynamic dependencies]. Details - ImportResultOutputID=28dd5b1f9c441bbe24dab0052661b105 DependenciesID=980bff5efd1be76d2b70873392b45a0e StaticDependenciesID=e7a7c09dda9806fcda07b739c46c9a22 
Number of updated asset objects reloaded before import = 0
Number of asset objects unloaded after import = 0
========================================================================
Received Prepare
AcceleratorClientConnectionCallback - disconnected - :0
Assembly reference Packages/com.unity.cinemachine/Editor/Samples/ExposeHDRPInternals/HDRP-Editor-ref.asmref has no target assembly definition
Assembly reference Packages/com.unity.cinemachine/Editor/Samples/ExposeHDRPInternals/HDRP-Editor-ref.asmref has no target assembly definition
[Licensing::Client] Successfully resolved entitlement details
Begin MonoManager ReloadAssembly
Symbol file LoadedFromMemory is not a mono symbol file
Symbol file LoadedFromMemory is not a mono symbol file
Assembly reference Packages/com.unity.cinemachine/Editor/Samples/ExposeHDRPInternals/HDRP-Editor-ref.asmref has no target assembly definition
Assembly reference Packages/com.unity.cinemachine/Editor/Samples/ExposeHDRPInternals/HDRP-Editor-ref.asmref has no target assembly definition
'Packages/com.unity.cinemachine/Editor/Obsolete/CinemachineVirtualCameraBaseEditor.cs' contains partial class of Unity.Object, exactly 1 of the partial classes needs to be in a file with the same filename. This is to know the one that can be referenced from ie. GameObjects
'Packages/com.unity.cinemachine/Editor/Editors/CinemachineVirtualCameraBaseEditor.cs' contains partial class of Unity.Object, exactly 1 of the partial classes needs to be in a file with the same filename. This is to know the one that can be referenced from ie. GameObjects
Refreshing native plugins compatible for Editor in 5.23 ms, found 1 plugins.
Native extension for WindowsStandalone target not found
Native extension for WebGL target not found
[Package Manager] Failed to launch server process. Reason: Unity was launched with the -noUpm command-line argument
[Package Manager] Unable to send message (not connected to server process).
[Package Manager] Cannot connect to Unity Package Manager local server
Refreshing native plugins compatible for Editor in 5.66 ms, found 1 plugins.
[Package Manager] Failed to launch server process. Reason: Unity was launched with the -noUpm command-line argument
[Package Manager] Unable to send message (not connected to server process).
[Package Manager] Cannot connect to Unity Package Manager local server
[Licensing::Client] Error: Code 404 while processing request (status: Found 0 entitlement groups and 0 free entitlements matching requested entitlement ids)
ScheduleIndexationOnStartup MainProcess:False IndexOnStartup:True
Mono: successfully reloaded assembly
- Finished resetting the current domain, in  2.162 seconds
Domain Reload Profiling: 4577ms
	BeginReloadAssembly (456ms)
		DisableScriptedObjects (7ms)
		CreateAndSetChildDomain (91ms)
	RebuildCommonClasses (10ms)
	RebuildNativeTypeToScriptingClass (23ms)
	initialDomainReloadingComplete (260ms)
	LoadAllAssembliesAndSetupDomain (1665ms)
		LoadAssemblies (1194ms)
		AnalyzeDomain (375ms)
			TypeCache.Refresh (16ms)
			BuildScriptInfoCaches (348ms)
			ResolveRequiredComponents (8ms)
	FinalizeReload (2163ms)
		SetupLoadedEditorAssemblies (0ms)
			InitializePlatformSupportModulesInManaged (3ms)
			BeforeProcessingInitializeOnLoad (175ms)
			ProcessInitializeOnLoadAttributes (986ms)
			ProcessInitializeOnLoadMethodAttributes (670ms)
			AfterProcessingInitializeOnLoad (47ms)
		AwakeInstancesAfterBackupRestoration (35ms)
Refreshing native plugins compatible for Editor in 5.81 ms, found 1 plugins.
Unloading 66 Unused Serialized files (Serialized files now loaded: 0)
Unloading 7778 unused Assets / (20.8 MB). Loaded Objects now: 8726.
Memory consumption went from 441.5 MB to 420.7 MB.
Total: 28.004200 ms (FindLiveObjects: 0.952100 ms CreateObjectMapping: 3.495500 ms MarkObjects: 17.955300 ms  DeleteObjects: 5.600000 ms)

Prepare: number of updated asset objects reloaded= 0
========================================================================
Received Import Request.
  Time of request: 2026-06-26T08:20:52.7114058Z
  Time since last request: 36.2321012 seconds.
  importAddress: GUID: e1195090c7afc7b41a8055d079e5fa63 - Path: Assets/BilleAudio.cs - Importer: PreviewImporter
Importing 'GUID: e1195090c7afc7b41a8055d079e5fa63 - Path: Assets/BilleAudio.cs - Importer: PreviewImporter' with importer (PreviewImporter)
Imported 'GUID: e1195090c7afc7b41a8055d079e5fa63' -> (Import Result ID: '9c28b88f7a37c6a79e9686f1a236875d') in 0.002 seconds [static and dynamic dependencies]. Details - ImportResultOutputID=548a8117f7cd0304212d2c443efe8b54 DependenciesID=15b99a1da620a0d685574298c005e81f StaticDependenciesID=61836b18e520b8b607dd9603aa740804 
Number of updated asset objects reloaded before import = 0
Number of asset objects unloaded after import = 0
========================================================================
Received Import Request.
  Time of request: 2026-06-26T08:20:52.7291096Z
  Time since last request: 0.0002285 seconds.
  importAddress: GUID: e1195090c7afc7b41a8055d079e5fa63 - Path: Assets/BilleAudio.cs - Importer: ScriptedImporter/UnityEditor.QuickSearchModule:UnityEditor.Search:ASIAI0B
Importing 'GUID: e1195090c7afc7b41a8055d079e5fa63 - Path: Assets/BilleAudio.cs - Importer: ScriptedImporter/UnityEditor.QuickSearchModule:UnityEditor.Search:ASIAI0B' with importer (ScriptedImporter : UnityEditor.QuickSearchModule:UnityEditor.Search:ASIAI0B)
Imported 'GUID: e1195090c7afc7b41a8055d079e5fa63' -> (Import Result ID: 'c87739c0dd7b0f68a2db59d042b6845d') in 0.076 seconds [static and dynamic dependencies]. Details - ImportResultOutputID=480018df890b5af8523d00de81692856 DependenciesID=b41f978a7cc6be72ec2f42c1e68b5efc StaticDependenciesID=a40a0715b6aa9a7818b7029b767742b3 
Number of updated asset objects reloaded before import = 0
Number of asset objects unloaded after import = 0
========================================================================
Received Prepare
AcceleratorClientConnectionCallback - disconnected - :0
Assembly reference Packages/com.unity.cinemachine/Editor/Samples/ExposeHDRPInternals/HDRP-Editor-ref.asmref has no target assembly definition
Assembly reference Packages/com.unity.cinemachine/Editor/Samples/ExposeHDRPInternals/HDRP-Editor-ref.asmref has no target assembly definition
Begin MonoManager ReloadAssembly
Symbol file LoadedFromMemory is not a mono symbol file
Symbol file LoadedFromMemory is not a mono symbol file
Assembly reference Packages/com.unity.cinemachine/Editor/Samples/ExposeHDRPInternals/HDRP-Editor-ref.asmref has no target assembly definition
Assembly reference Packages/com.unity.cinemachine/Editor/Samples/ExposeHDRPInternals/HDRP-Editor-ref.asmref has no target assembly definition
'Packages/com.unity.cinemachine/Editor/Obsolete/CinemachineVirtualCameraBaseEditor.cs' contains partial class of Unity.Object, exactly 1 of the partial classes needs to be in a file with the same filename. This is to know the one that can be referenced from ie. GameObjects
'Packages/com.unity.cinemachine/Editor/Editors/CinemachineVirtualCameraBaseEditor.cs' contains partial class of Unity.Object, exactly 1 of the partial classes needs to be in a file with the same filename. This is to know the one that can be referenced from ie. GameObjects
Refreshing native plugins compatible for Editor in 5.58 ms, found 1 plugins.
Native extension for WindowsStandalone target not found
Native extension for WebGL target not found
[Package Manager] Failed to launch server process. Reason: Unity was launched with the -noUpm command-line argument
[Package Manager] Unable to send message (not connected to server process).
[Package Manager] Cannot connect to Unity Package Manager local server
Refreshing native plugins compatible for Editor in 6.82 ms, found 1 plugins.
[Package Manager] Failed to launch server process. Reason: Unity was launched with the -noUpm command-line argument
[Package Manager] Unable to send message (not connected to server process).
[Package Manager] Cannot connect to Unity Package Manager local server
[Licensing::Client] Error: Code 404 while processing request (status: Found 0 entitlement groups and 0 free entitlements matching requested entitlement ids)
ScheduleIndexationOnStartup MainProcess:False IndexOnStartup:True
Mono: successfully reloaded assembly
- Finished resetting the current domain, in  2.182 seconds
Domain Reload Profiling: 4598ms
	BeginReloadAssembly (456ms)
		DisableScriptedObjects (7ms)
		CreateAndSetChildDomain (89ms)
	RebuildCommonClasses (10ms)
	RebuildNativeTypeToScriptingClass (21ms)
	initialDomainReloadingComplete (253ms)
	LoadAllAssembliesAndSetupDomain (1674ms)
		LoadAssemblies (1203ms)
		AnalyzeDomain (377ms)
			TypeCache.Refresh (14ms)
			BuildScriptInfoCaches (351ms)
			ResolveRequiredComponents (9ms)
	FinalizeReload (2183ms)
		SetupLoadedEditorAssemblies (0ms)
			InitializePlatformSupportModulesInManaged (3ms)
			BeforeProcessingInitializeOnLoad (177ms)
			ProcessInitializeOnLoadAttributes (982ms)
			ProcessInitializeOnLoadMethodAttributes (694ms)
			AfterProcessingInitializeOnLoad (51ms)
		AwakeInstancesAfterBackupRestoration (32ms)
Refreshing native plugins compatible for Editor in 6.17 ms, found 1 plugins.
Unloading 66 Unused Serialized files (Serialized files now loaded: 0)
Unloading 7778 unused Assets / (20.6 MB). Loaded Objects now: 8728.
Memory consumption went from 443.5 MB to 422.9 MB.
Total: 27.483200 ms (FindLiveObjects: 1.041100 ms CreateObjectMapping: 3.353900 ms MarkObjects: 17.675300 ms  DeleteObjects: 5.411600 ms)

Prepare: number of updated asset objects reloaded= 0
========================================================================
Received Import Request.
  Time of request: 2026-06-26T08:21:38.1405305Z
  Time since last request: 45.3216947 seconds.
  importAddress: GUID: d58daf536e400734caeff092571e1d56 - Path: Assets/Tutorials/ScoreManager.cs - Importer: PreviewImporter
Importing 'GUID: d58daf536e400734caeff092571e1d56 - Path: Assets/Tutorials/ScoreManager.cs - Importer: PreviewImporter' with importer (PreviewImporter)
Imported 'GUID: d58daf536e400734caeff092571e1d56' -> (Import Result ID: '706d5c6c989f196494011f1bd5d73fb7') in 0.001 seconds [static and dynamic dependencies]. Details - ImportResultOutputID=547814f22d1d2f1a31cb1fad4f8e9d92 DependenciesID=f9843d1048ec647b7d9989af3feaa4a1 StaticDependenciesID=144bfdcd9f3e3cbe13d4b044eff33f96 
Number of updated asset objects reloaded before import = 0
Number of asset objects unloaded after import = 0
========================================================================
Received Prepare
AcceleratorClientConnectionCallback - disconnected - :0
Assembly reference Packages/com.unity.cinemachine/Editor/Samples/ExposeHDRPInternals/HDRP-Editor-ref.asmref has no target assembly definition
Assembly reference Packages/com.unity.cinemachine/Editor/Samples/ExposeHDRPInternals/HDRP-Editor-ref.asmref has no target assembly definition
[Licensing::Client] Successfully resolved entitlement details
Begin MonoManager ReloadAssembly
Symbol file LoadedFromMemory is not a mono symbol file
Symbol file LoadedFromMemory is not a mono symbol file
Assembly reference Packages/com.unity.cinemachine/Editor/Samples/ExposeHDRPInternals/HDRP-Editor-ref.asmref has no target assembly definition
Assembly reference Packages/com.unity.cinemachine/Editor/Samples/ExposeHDRPInternals/HDRP-Editor-ref.asmref has no target assembly definition
'Packages/com.unity.cinemachine/Editor/Obsolete/CinemachineVirtualCameraBaseEditor.cs' contains partial class of Unity.Object, exactly 1 of the partial classes needs to be in a file with the same filename. This is to know the one that can be referenced from ie. GameObjects
'Packages/com.unity.cinemachine/Editor/Editors/CinemachineVirtualCameraBaseEditor.cs' contains partial class of Unity.Object, exactly 1 of the partial classes needs to be in a file with the same filename. This is to know the one that can be referenced from ie. GameObjects
Refreshing native plugins compatible for Editor in 5.76 ms, found 1 plugins.
Native extension for WindowsStandalone target not found
Native extension for WebGL target not found
[Package Manager] Failed to launch server process. Reason: Unity was launched with the -noUpm command-line argument
[Package Manager] Unable to send message (not connected to server process).
[Package Manager] Cannot connect to Unity Package Manager local server
Refreshing native plugins compatible for Editor in 5.59 ms, found 1 plugins.
[Package Manager] Failed to launch server process. Reason: Unity was launched with the -noUpm command-line argument
[Package Manager] Unable to send message (not connected to server process).
[Package Manager] Cannot connect to Unity Package Manager local server
[Licensing::Client] Error: Code 404 while processing request (status: Found 0 entitlement groups and 0 free entitlements matching requested entitlement ids)
ScheduleIndexationOnStartup MainProcess:False IndexOnStartup:True
Mono: successfully reloaded assembly
- Finished resetting the current domain, in  2.207 seconds
Domain Reload Profiling: 4679ms
	BeginReloadAssembly (442ms)
		DisableScriptedObjects (7ms)
		CreateAndSetChildDomain (87ms)
	RebuildCommonClasses (10ms)
	RebuildNativeTypeToScriptingClass (22ms)
	initialDomainReloadingComplete (250ms)
	LoadAllAssembliesAndSetupDomain (1747ms)
		LoadAssemblies (1230ms)
		AnalyzeDomain (405ms)
			TypeCache.Refresh (15ms)
			BuildScriptInfoCaches (378ms)
			ResolveRequiredComponents (9ms)
	FinalizeReload (2208ms)
		SetupLoadedEditorAssemblies (0ms)
			InitializePlatformSupportModulesInManaged (4ms)
			BeforeProcessingInitializeOnLoad (183ms)
			ProcessInitializeOnLoadAttributes (1034ms)
			ProcessInitializeOnLoadMethodAttributes (653ms)
			AfterProcessingInitializeOnLoad (37ms)
		AwakeInstancesAfterBackupRestoration (35ms)
Refreshing native plugins compatible for Editor in 5.43 ms, found 1 plugins.
Unloading 66 Unused Serialized files (Serialized files now loaded: 0)
Unloading 7778 unused Assets / (19.8 MB). Loaded Objects now: 8730.
Memory consumption went from 447.9 MB to 428.1 MB.
Total: 24.782700 ms (FindLiveObjects: 0.931900 ms CreateObjectMapping: 2.896800 ms MarkObjects: 16.202900 ms  DeleteObjects: 4.749900 ms)

Prepare: number of updated asset objects reloaded= 0
========================================================================
Received Import Request.
  Time of request: 2026-06-26T08:22:08.1049061Z
  Time since last request: 29.9473936 seconds.
  importAddress: GUID: 7431757175820ee4a9232eb89aa2de23 - Path: Assets/Tutorials/ScoreBox.cs - Importer: PreviewImporter
Importing 'GUID: 7431757175820ee4a9232eb89aa2de23 - Path: Assets/Tutorials/ScoreBox.cs - Importer: PreviewImporter' with importer (PreviewImporter)
Imported 'GUID: 7431757175820ee4a9232eb89aa2de23' -> (Import Result ID: 'c9655f9e82149346704f58070cd2c805') in 0.003 seconds [static and dynamic dependencies]. Details - ImportResultOutputID=03ff5876dfe6100b1bfa1d5d7d820b42 DependenciesID=1b87b93f10c230700839b2c36c43ae89 StaticDependenciesID=37b113fab3b30c68664cd1a1edfad704 
Number of updated asset objects reloaded before import = 0
Number of asset objects unloaded after import = 0
========================================================================
Received Import Request.
  Time of request: 2026-06-26T08:23:25.4147089Z
  Time since last request: 77.2932172 seconds.
  importAddress: GUID: 7431757175820ee4a9232eb89aa2de23 - Path: Assets/Tutorials/ScoreBox.cs - Importer: ScriptedImporter/UnityEditor.QuickSearchModule:UnityEditor.Search:ASIAI0B
Importing 'GUID: 7431757175820ee4a9232eb89aa2de23 - Path: Assets/Tutorials/ScoreBox.cs - Importer: ScriptedImporter/UnityEditor.QuickSearchModule:UnityEditor.Search:ASIAI0B' with importer (ScriptedImporter : UnityEditor.QuickSearchModule:UnityEditor.Search:ASIAI0B)
Imported 'GUID: 7431757175820ee4a9232eb89aa2de23' -> (Import Result ID: '93865ed761f02b9bf2fd309129e3d4df') in 0.072 seconds [static and dynamic dependencies]. Details - ImportResultOutputID=0b6918b52b195dbe56458f2d6065e74a DependenciesID=55b77241ddfdb37b3b6e064a9e97198b StaticDependenciesID=62afdf26ea33de902e1e9b5316af96cd 
Number of updated asset objects reloaded before import = 0
Number of asset objects unloaded after import = 0
